Start testing: May 07 21:40 EDT
----------------------------------------------------------
1/8 Testing: ConveyorBasicTest
1/8 Test: ConveyorBasicTest
Command: "/home/darkfell/dev/libconveyor/build/test/conveyor_basic_test"
Directory: /home/darkfell/dev/libconveyor/build/test
"ConveyorBasicTest" start time: May 07 21:40 EDT
Output:
----------------------------------------------------------
All tests passed!
<end of output>
Test time =  32.21 sec
----------------------------------------------------------
Test Passed.
"ConveyorBasicTest" end time: May 07 21:41 EDT
"ConveyorBasicTest" time elapsed: 00:00:32
----------------------------------------------------------

2/8 Testing: ModernApiTest
2/8 Test: ModernApiTest
Command: "/home/darkfell/dev/libconveyor/build/test/modern_test"
Directory: /home/darkfell/dev/libconveyor/build/test
"ModernApiTest" start time: May 07 21:41 EDT
Output:
----------------------------------------------------------
Running main() from /home/darkfell/dev/libconveyor/external/googletest/googletest/src/gtest_main.cc
[==========] Running 1 test from 1 test suite.
[----------] Global test environment set-up.
[----------] 1 test from ModernApiTest
[ RUN      ] ModernApiTest.VectorWriteAndRead
[       OK ] ModernApiTest.VectorWriteAndRead (4 ms)
[----------] 1 test from ModernApiTest (4 ms total)

[----------] Global test environment tear-down
[==========] 1 test from 1 test suite ran. (4 ms total)
[  PASSED  ] 1 test.
<end of output>
Test time =   0.01 sec
----------------------------------------------------------
Test Passed.
"ModernApiTest" end time: May 07 21:41 EDT
"ModernApiTest" time elapsed: 00:00:00
----------------------------------------------------------

3/8 Testing: AdaptiveTest
3/8 Test: AdaptiveTest
Command: "/home/darkfell/dev/libconveyor/build/test/adaptive_test"
Directory: /home/darkfell/dev/libconveyor/build/test
"AdaptiveTest" start time: May 07 21:41 EDT
Output:
----------------------------------------------------------
Running main() from /home/darkfell/dev/libconveyor/external/googletest/googletest/src/gtest_main.cc
[==========] Running 3 tests from 1 test suite.
[----------] Global test environment set-up.
[----------] 3 tests from AdaptiveTest
[ RUN      ] AdaptiveTest.WriteTriggeredGrowth
[       OK ] AdaptiveTest.WriteTriggeredGrowth (1 ms)
[ RUN      ] AdaptiveTest.ResizeWhileWrapped
[       OK ] AdaptiveTest.ResizeWhileWrapped (1602 ms)
[ RUN      ] AdaptiveTest.ReadSequentialGrowth
[       OK ] AdaptiveTest.ReadSequentialGrowth (0 ms)
[----------] 3 tests from AdaptiveTest (1604 ms total)

[----------] Global test environment tear-down
[==========] 3 tests from 1 test suite ran. (1604 ms total)
[  PASSED  ] 3 tests.
<end of output>
Test time =   1.61 sec
----------------------------------------------------------
Test Passed.
"AdaptiveTest" end time: May 07 21:41 EDT
"AdaptiveTest" time elapsed: 00:00:01
----------------------------------------------------------

4/8 Testing: ConveyorMultiThreadTest
4/8 Test: ConveyorMultiThreadTest
Command: "/home/darkfell/dev/libconveyor/build/test/conveyor_multi_thread_test"
Directory: /home/darkfell/dev/libconveyor/build/test
"ConveyorMultiThreadTest" start time: May 07 21:41 EDT
Output:
----------------------------------------------------------
Running main() from /home/darkfell/dev/libconveyor/external/googletest/googletest/src/gtest_main.cc
[==========] Running 1 test from 1 test suite.
[----------] Global test environment set-up.
[----------] 1 test from ConveyorMultiThreadTest
[ RUN      ] ConveyorMultiThreadTest.ConcurrentReadWrite
[       OK ] ConveyorMultiThreadTest.ConcurrentReadWrite (5071 ms)
[----------] 1 test from ConveyorMultiThreadTest (5071 ms total)

[----------] Global test environment tear-down
[==========] 1 test from 1 test suite ran. (5071 ms total)
[  PASSED  ] 1 test.
<end of output>
Test time =   5.08 sec
----------------------------------------------------------
Test Passed.
"ConveyorMultiThreadTest" end time: May 07 21:41 EDT
"ConveyorMultiThreadTest" time elapsed: 00:00:05
----------------------------------------------------------

5/8 Testing: ConveyorConsistencyTest
5/8 Test: ConveyorConsistencyTest
Command: "/home/darkfell/dev/libconveyor/build/test/conveyor_consistency_test"
Directory: /home/darkfell/dev/libconveyor/build/test
"ConveyorConsistencyTest" start time: May 07 21:41 EDT
Output:
----------------------------------------------------------
Running main() from /home/darkfell/dev/libconveyor/external/googletest/googletest/src/gtest_main.cc
[==========] Running 1 test from 1 test suite.
[----------] Global test environment set-up.
[----------] 1 test from ConveyorConsistencyTest
[ RUN      ] ConveyorConsistencyTest.SequentialReadRecovery
[       OK ] ConveyorConsistencyTest.SequentialReadRecovery (1 ms)
[----------] 1 test from ConveyorConsistencyTest (1 ms total)

[----------] Global test environment tear-down
[==========] 1 test from 1 test suite ran. (1 ms total)
[  PASSED  ] 1 test.
<end of output>
Test time =   0.01 sec
----------------------------------------------------------
Test Passed.
"ConveyorConsistencyTest" end time: May 07 21:41 EDT
"ConveyorConsistencyTest" time elapsed: 00:00:00
----------------------------------------------------------

6/8 Testing: ConveyorPartialIOTest
6/8 Test: ConveyorPartialIOTest
Command: "/home/darkfell/dev/libconveyor/build/test/conveyor_partial_io_test"
Directory: /home/darkfell/dev/libconveyor/build/test
"ConveyorPartialIOTest" start time: May 07 21:41 EDT
Output:
----------------------------------------------------------
Running main() from /home/darkfell/dev/libconveyor/external/googletest/googletest/src/gtest_main.cc
[==========] Running 2 tests from 1 test suite.
[----------] Global test environment set-up.
[----------] 2 tests from ConveyorPartialIOTest
[ RUN      ] ConveyorPartialIOTest.PartialWrite
[       OK ] ConveyorPartialIOTest.PartialWrite (0 ms)
[ RUN      ] ConveyorPartialIOTest.PartialRead
[       OK ] ConveyorPartialIOTest.PartialRead (0 ms)
[----------] 2 tests from ConveyorPartialIOTest (0 ms total)

[----------] Global test environment tear-down
[==========] 2 tests from 1 test suite ran. (0 ms total)
[  PASSED  ] 2 tests.
<end of output>
Test time =   0.00 sec
----------------------------------------------------------
Test Passed.
"ConveyorPartialIOTest" end time: May 07 21:41 EDT
"ConveyorPartialIOTest" time elapsed: 00:00:00
----------------------------------------------------------

7/8 Testing: ConveyorIllegalOpTest
7/8 Test: ConveyorIllegalOpTest
Command: "/home/darkfell/dev/libconveyor/build/test/conveyor_illegal_op_test"
Directory: /home/darkfell/dev/libconveyor/build/test
"ConveyorIllegalOpTest" start time: May 07 21:41 EDT
Output:
----------------------------------------------------------
Running main() from /home/darkfell/dev/libconveyor/external/googletest/googletest/src/gtest_main.cc
[==========] Running 2 tests from 1 test suite.
[----------] Global test environment set-up.
[----------] 2 tests from ConveyorIllegalOpTest
[ RUN      ] ConveyorIllegalOpTest.WriteOnReadOnly
[       OK ] ConveyorIllegalOpTest.WriteOnReadOnly (0 ms)
[ RUN      ] ConveyorIllegalOpTest.ReadOnWriteOnly
[       OK ] ConveyorIllegalOpTest.ReadOnWriteOnly (0 ms)
[----------] 2 tests from ConveyorIllegalOpTest (0 ms total)

[----------] Global test environment tear-down
[==========] 2 tests from 1 test suite ran. (0 ms total)
[  PASSED  ] 2 tests.
<end of output>
Test time =   0.00 sec
----------------------------------------------------------
Test Passed.
"ConveyorIllegalOpTest" end time: May 07 21:41 EDT
"ConveyorIllegalOpTest" time elapsed: 00:00:00
----------------------------------------------------------

8/8 Testing: ConveyorMultiInstanceTest
8/8 Test: ConveyorMultiInstanceTest
Command: "/home/darkfell/dev/libconveyor/build/test/conveyor_multi_instance_test"
Directory: /home/darkfell/dev/libconveyor/build/test
"ConveyorMultiInstanceTest" start time: May 07 21:41 EDT
Output:
----------------------------------------------------------
Running main() from /home/darkfell/dev/libconveyor/external/googletest/googletest/src/gtest_main.cc
[==========] Running 1 test from 1 test suite.
[----------] Global test environment set-up.
[----------] 1 test from ConveyorMultiInstanceTest
[ RUN      ] ConveyorMultiInstanceTest.OverlappingWrites
[       OK ] ConveyorMultiInstanceTest.OverlappingWrites (0 ms)
[----------] 1 test from ConveyorMultiInstanceTest (0 ms total)

[----------] Global test environment tear-down
[==========] 1 test from 1 test suite ran. (0 ms total)
[  PASSED  ] 1 test.
<end of output>
Test time =   0.00 sec
----------------------------------------------------------
Test Passed.
"ConveyorMultiInstanceTest" end time: May 07 21:41 EDT
"ConveyorMultiInstanceTest" time elapsed: 00:00:00
----------------------------------------------------------

End testing: May 07 21:41 EDT
